Arguments: 
  C:\Program Files\nodejs\node.exe C:\Program Files (x86)\Yarn\bin\yarn.js init

PATH: 
  C:\Program Files (x86)\Common Files\Oracle\Java\javapath;C:\Windows\system32;C:\Windows;C:\Windows\System32\Wbem;C:\Windows\System32\WindowsPowerShell\v1.0\;C:\Windows\System32\OpenSSH\;C:\Program Files (x86)\NVIDIA Corporation\PhysX\Common;C:\Program Files\NVIDIA Corporation\NVIDIA NvDLISR;C:\xampp\php;C:\ProgramData\ComposerSetup\bin;C:\Program Files\Git\cmd;C:\ProgramData\chocolatey\bin;C:\Program Files (x86)\Yarn\bin\;C:\Program Files\nodejs\;C:\Users\jaime\AppData\Local\Microsoft\WindowsApps;C:\Users\jaime\AppData\Local\Programs\Microsoft VS Code\bin;C:\Users\jaime\AppData\Roaming\Composer\vendor\bin;C:\Users\jaime\AppData\Local\GitHubDesktop\bin;C:\Users\jaime\AppData\Local\GitHubDesktop;C:\Program Files\Git\bin;C:\Program Files\Java\jdk-14\bin;C:\xampp\mysql\bin;C:\Users\jaime\AppData\Local\Yarn\bin;C:\Users\jaime\AppData\Local\hyper\app-3.0.2\resources\bin;C:\Users\jaime\AppData\Roaming\npm;C:\Users\jaime\OneDrive\Documentos\Developing\MinGW Path\mingw64\bin

Yarn version: 
  1.22.4

Node version: 
  14.8.0

Platform: 
  win32 x64

Trace: 
  Error: canceled
      at Interface.<anonymous> (C:\Program Files (x86)\Yarn\lib\cli.js:137008:13)
      at Interface.emit (events.js:314:20)
      at Interface._ttyWrite (readline.js:875:16)
      at ReadStream.onkeypress (readline.js:213:10)
      at ReadStream.emit (events.js:314:20)
      at emitKeys (internal/readline/utils.js:335:14)
      at emitKeys.next (<anonymous>)
      at ReadStream.onData (readline.js:1144:36)
      at ReadStream.emit (events.js:314:20)
      at addChunk (_stream_readable.js:303:12)

npm manifest: 
  No manifest

yarn manifest: 
  No manifest

Lockfile: 
  # THIS IS AN AUTOGENERATED FILE. DO NOT EDIT THIS FILE DIRECTLY.
  # yarn lockfile v1
